<?xml version="1.0" encoding="UTF-8"?>
<testsuites errors="0" failures="0" tests="0" time="0.0">
	
		<testsuite name="Thread Group" errors="0" failures="0" tests="0" time="0.0">
			
		</testsuite>
	
</testsuites>